# JRE version: Java(TM) SE Runtime Environment (8.0_171-b11) (build 1.8.0_171-b11)
# Java VM: Java HotSpot(TM) 64-Bit Server VM (25.171-b11 mixed mode windows-amd64 compressed oops)
Heap:
 PSYoungGen      total 264704K, used 229766K [0x00000000eab00000, 0x00000000fd380000, 0x0000000100000000)
  eden space 240640K, 95% used [0x00000000eab00000,0x00000000f8b61930,0x00000000f9600000)
  from space 24064K, 0% used [0x00000000fb200000,0x00000000fb200000,0x00000000fc980000)
  to   space 28672K, 0% used [0x00000000f9600000,0x00000000f9600000,0x00000000fb200000)
 ParOldGen       total 244736K, used 52538K [0x00000000c0000000, 0x00000000cef00000, 0x00000000eab00000)
  object space 244736K, 21% used [0x00000000c0000000,0x00000000c334e998,0x00000000cef00000)
 Metaspace       used 64083K, capacity 66662K, committed 66992K, reserved 1107968K
  class space    used 8655K, capacity 9302K, committed 9392K, reserved 1048576K
GC Heap History (10 events):
Event: 9.558 GC heap before
{Heap before GC invocations=7 (full 2):
 PSYoungGen      total 138752K, used 10738K [0x00000000eab00000, 0x00000000f6a80000, 0x0000000100000000)
  eden space 128000K, 0% used [0x00000000eab00000,0x00000000eab00000,0x00000000f2800000)
  from space 10752K, 99% used [0x00000000f2800000,0x00000000f327cbd8,0x00000000f3280000)
  to   space 14336K, 0% used [0x00000000f5c80000,0x00000000f5c80000,0x00000000f6a80000)
 ParOldGen       total 99328K, used 11821K [0x00000000c0000000, 0x00000000c6100000, 0x00000000eab00000)
  object space 99328K, 11% used [0x00000000c0000000,0x00000000c0b8b448,0x00000000c6100000)
 Metaspace       used 34743K, capacity 35346K, committed 35496K, reserved 1079296K
  class space    used 4883K, capacity 5104K, committed 5168K, reserved 1048576K
Event: 9.598 GC heap after
Heap after GC invocations=7 (full 2):
 PSYoungGen      total 138752K, used 0K [0x00000000eab00000, 0x00000000f6a80000, 0x0000000100000000)
  eden space 128000K, 0% used [0x00000000eab00000,0x00000000eab00000,0x00000000f2800000)
  from space 10752K, 0% used [0x00000000f2800000,0x00000000f2800000,0x00000000f3280000)
  to   space 14336K, 0% used [0x00000000f5c80000,0x00000000f5c80000,0x00000000f6a80000)
 ParOldGen       total 156160K, used 20531K [0x00000000c0000000, 0x00000000c9880000, 0x00000000eab00000)
  object space 156160K, 13% used [0x00000000c0000000,0x00000000c140cf68,0x00000000c9880000)
 Metaspace       used 34743K, capacity 35346K, committed 35496K, reserved 1079296K
  class space    used 4883K, capacity 5104K, committed 5168K, reserved 1048576K
}
Event: 10.764 GC heap before
{Heap before GC invocations=8 (full 2):
 PSYoungGen      total 138752K, used 128000K [0x00000000eab00000, 0x00000000f6a80000, 0x0000000100000000)
  eden space 128000K, 100% used [0x00000000eab00000,0x00000000f2800000,0x00000000f2800000)
  from space 10752K, 0% used [0x00000000f2800000,0x00000000f2800000,0x00000000f3280000)
  to   space 14336K, 0% used [0x00000000f5c80000,0x00000000f5c80000,0x00000000f6a80000)
 ParOldGen       total 156160K, used 20531K [0x00000000c0000000, 0x00000000c9880000, 0x00000000eab00000)
  object space 156160K, 13% used [0x00000000c0000000,0x00000000c140cf68,0x00000000c9880000)
 Metaspace       used 41904K, capacity 42856K, committed 43056K, reserved 1085440K
  class space    used 5882K, capacity 6181K, committed 6192K, reserved 1048576K
Event: 10.774 GC heap after
Heap after GC invocations=8 (full 2):
 PSYoungGen      total 180224K, used 13986K [0x00000000eab00000, 0x00000000f8680000, 0x0000000100000000)
  eden space 165888K, 0% used [0x00000000eab00000,0x00000000eab00000,0x00000000f4d00000)
  from space 14336K, 97% used [0x00000000f5c80000,0x00000000f6a288a8,0x00000000f6a80000)
  to   space 15872K, 0% used [0x00000000f4d00000,0x00000000f4d00000,0x00000000f5c80000)
 ParOldGen       total 156160K, used 20539K [0x00000000c0000000, 0x00000000c9880000, 0x00000000eab00000)
  object space 156160K, 13% used [0x00000000c0000000,0x00000000c140ef68,0x00000000c9880000)
 Metaspace       used 41904K, capacity 42856K, committed 43056K, reserved 1085440K
  class space    used 5882K, capacity 6181K, committed 6192K, reserved 1048576K
}
Event: 13.783 GC heap before
{Heap before GC invocations=9 (full 2):
 PSYoungGen      total 180224K, used 179874K [0x00000000eab00000, 0x00000000f8680000, 0x0000000100000000)
  eden space 165888K, 100% used [0x00000000eab00000,0x00000000f4d00000,0x00000000f4d00000)
  from space 14336K, 97% used [0x00000000f5c80000,0x00000000f6a288a8,0x00000000f6a80000)
  to   space 15872K, 0% used [0x00000000f4d00000,0x00000000f4d00000,0x00000000f5c80000)
 ParOldGen       total 156160K, used 20539K [0x00000000c0000000, 0x00000000c9880000, 0x00000000eab00000)
  object space 156160K, 13% used [0x00000000c0000000,0x00000000c140ef68,0x00000000c9880000)
 Metaspace       used 52920K, capacity 55142K, committed 55216K, reserved 1095680K
  class space    used 7447K, capacity 8038K, committed 8112K, reserved 1048576K
Event: 13.796 GC heap after
Heap after GC invocations=9 (full 2):
 PSYoungGen      total 181760K, used 15841K [0x00000000eab00000, 0x00000000fc980000, 0x0000000100000000)
  eden space 165888K, 0% used [0x00000000eab00000,0x00000000eab00000,0x00000000f4d00000)
  from space 15872K, 99% used [0x00000000f4d00000,0x00000000f5c78700,0x00000000f5c80000)
  to   space 24064K, 0% used [0x00000000fb200000,0x00000000fb200000,0x00000000fc980000)
 ParOldGen       total 156160K, used 32266K [0x00000000c0000000, 0x00000000c9880000, 0x00000000eab00000)
  object space 156160K, 20% used [0x00000000c0000000,0x00000000c1f82930,0x00000000c9880000)
 Metaspace       used 52920K, capacity 55142K, committed 55216K, reserved 1095680K
  class space    used 7447K, capacity 8038K, committed 8112K, reserved 1048576K
}
Event: 16.030 GC heap before
{Heap before GC invocations=10 (full 2):
 PSYoungGen      total 181760K, used 107181K [0x00000000eab00000, 0x00000000fc980000, 0x0000000100000000)
  eden space 165888K, 55% used [0x00000000eab00000,0x00000000f0433088,0x00000000f4d00000)
  from space 15872K, 99% used [0x00000000f4d00000,0x00000000f5c78700,0x00000000f5c80000)
  to   space 24064K, 0% used [0x00000000fb200000,0x00000000fb200000,0x00000000fc980000)
 ParOldGen       total 156160K, used 32266K [0x00000000c0000000, 0x00000000c9880000, 0x00000000eab00000)
  object space 156160K, 20% used [0x00000000c0000000,0x00000000c1f82930,0x00000000c9880000)
 Metaspace       used 56784K, capacity 59138K, committed 59160K, reserved 1099776K
  class space    used 7972K, capacity 8610K, committed 8624K, reserved 1048576K
Event: 16.049 GC heap after
Heap after GC invocations=10 (full 2):
 PSYoungGen      total 264704K, used 24049K [0x00000000eab00000, 0x00000000fd380000, 0x0000000100000000)
  eden space 240640K, 0% used [0x00000000eab00000,0x00000000eab00000,0x00000000f9600000)
  from space 24064K, 99% used [0x00000000fb200000,0x00000000fc97c730,0x00000000fc980000)
  to   space 28672K, 0% used [0x00000000f9600000,0x00000000f9600000,0x00000000fb200000)
 ParOldGen       total 156160K, used 35479K [0x00000000c0000000, 0x00000000c9880000, 0x00000000eab00000)
  object space 156160K, 22% used [0x00000000c0000000,0x00000000c22a5f08,0x00000000c9880000)
 Metaspace       used 56784K, capacity 59138K, committed 59160K, reserved 1099776K
  class space    used 7972K, capacity 8610K, committed 8624K, reserved 1048576K
}
Event: 16.049 GC heap before
{Heap before GC invocations=11 (full 3):
 PSYoungGen      total 264704K, used 24049K [0x00000000eab00000, 0x00000000fd380000, 0x0000000100000000)
  eden space 240640K, 0% used [0x00000000eab00000,0x00000000eab00000,0x00000000f9600000)
  from space 24064K, 99% used [0x00000000fb200000,0x00000000fc97c730,0x00000000fc980000)
  to   space 28672K, 0% used [0x00000000f9600000,0x00000000f9600000,0x00000000fb200000)
 ParOldGen       total 156160K, used 35479K [0x00000000c0000000, 0x00000000c9880000, 0x00000000eab00000)
  object space 156160K, 22% used [0x00000000c0000000,0x00000000c22a5f08,0x00000000c9880000)
 Metaspace       used 56784K, capacity 59138K, committed 59160K, reserved 1099776K
  class space    used 7972K, capacity 8610K, committed 8624K, reserved 1048576K
Event: 16.207 GC heap after
Heap after GC invocations=11 (full 3):
 PSYoungGen      total 264704K, used 0K [0x00000000eab00000, 0x00000000fd380000, 0x0000000100000000)
  eden space 240640K, 0% used [0x00000000eab00000,0x00000000eab00000,0x00000000f9600000)
  from space 24064K, 0% used [0x00000000fb200000,0x00000000fb200000,0x00000000fc980000)
  to   space 28672K, 0% used [0x00000000f9600000,0x00000000f9600000,0x00000000fb200000)
 ParOldGen       total 244736K, used 52538K [0x00000000c0000000, 0x00000000cef00000, 0x00000000eab00000)
  object space 244736K, 21% used [0x00000000c0000000,0x00000000c334e998,0x00000000cef00000)
 Metaspace       used 56784K, capacity 59138K, committed 59160K, reserved 1099776K
  class space    used 7972K, capacity 8610K, committed 8624K, reserved 1048576K
}

