# JRE version: Java(TM) SE Runtime Environment (8.0_171-b11) (build 1.8.0_171-b11)
# Java VM: Java HotSpot(TM) 64-Bit Server VM (25.171-b11 mixed mode windows-amd64 compressed oops)
Heap:
 PSYoungGen      total 242688K, used 108705K [0x00000000eab00000, 0x00000000fb280000, 0x0000000100000000)
  eden space 226816K, 40% used [0x00000000eab00000,0x00000000f05aab58,0x00000000f8880000)
  from space 15872K, 99% used [0x00000000f9e00000,0x00000000fad7d9f0,0x00000000fad80000)
  to   space 21504K, 0% used [0x00000000f8880000,0x00000000f8880000,0x00000000f9d80000)
 ParOldGen       total 146432K, used 24729K [0x00000000c0000000, 0x00000000c8f00000, 0x00000000eab00000)
  object space 146432K, 16% used [0x00000000c0000000,0x00000000c18266f0,0x00000000c8f00000)
 Metaspace       used 55468K, capacity 57744K, committed 57904K, reserved 1099776K
  class space    used 7786K, capacity 8393K, committed 8496K, reserved 1048576K
GC Heap History (10 events):
Event: 3.580 GC heap before
{Heap before GC invocations=6 (full 1):
 PSYoungGen      total 103424K, used 103175K [0x00000000eab00000, 0x00000000f3d00000, 0x0000000100000000)
  eden space 95744K, 100% used [0x00000000eab00000,0x00000000f0880000,0x00000000f0880000)
  from space 7680K, 96% used [0x00000000f3580000,0x00000000f3cc1d68,0x00000000f3d00000)
  to   space 10752K, 0% used [0x00000000f2800000,0x00000000f2800000,0x00000000f3280000)
 ParOldGen       total 110592K, used 8781K [0x00000000c0000000, 0x00000000c6c00000, 0x00000000eab00000)
  object space 110592K, 7% used [0x00000000c0000000,0x00000000c0893578,0x00000000c6c00000)
 Metaspace       used 34171K, capacity 34810K, committed 34992K, reserved 1079296K
  class space    used 4818K, capacity 5030K, committed 5040K, reserved 1048576K
Event: 3.589 GC heap after
Heap after GC invocations=6 (full 1):
 PSYoungGen      total 138752K, used 10748K [0x00000000eab00000, 0x00000000f4d80000, 0x0000000100000000)
  eden space 128000K, 0% used [0x00000000eab00000,0x00000000eab00000,0x00000000f2800000)
  from space 10752K, 99% used [0x00000000f2800000,0x00000000f327f2b8,0x00000000f3280000)
  to   space 14336K, 0% used [0x00000000f3f80000,0x00000000f3f80000,0x00000000f4d80000)
 ParOldGen       total 110592K, used 11382K [0x00000000c0000000, 0x00000000c6c00000, 0x00000000eab00000)
  object space 110592K, 10% used [0x00000000c0000000,0x00000000c0b1d928,0x00000000c6c00000)
 Metaspace       used 34171K, capacity 34810K, committed 34992K, reserved 1079296K
  class space    used 4818K, capacity 5030K, committed 5040K, reserved 1048576K
}
Event: 3.612 GC heap before
{Heap before GC invocations=7 (full 1):
 PSYoungGen      total 138752K, used 15178K [0x00000000eab00000, 0x00000000f4d80000, 0x0000000100000000)
  eden space 128000K, 3% used [0x00000000eab00000,0x00000000eaf53648,0x00000000f2800000)
  from space 10752K, 99% used [0x00000000f2800000,0x00000000f327f2b8,0x00000000f3280000)
  to   space 14336K, 0% used [0x00000000f3f80000,0x00000000f3f80000,0x00000000f4d80000)
 ParOldGen       total 110592K, used 11382K [0x00000000c0000000, 0x00000000c6c00000, 0x00000000eab00000)
  object space 110592K, 10% used [0x00000000c0000000,0x00000000c0b1d928,0x00000000c6c00000)
 Metaspace       used 34720K, capacity 35314K, committed 35496K, reserved 1079296K
  class space    used 4872K, capacity 5072K, committed 5168K, reserved 1048576K
Event: 3.618 GC heap after
Heap after GC invocations=7 (full 1):
 PSYoungGen      total 152576K, used 7898K [0x00000000eab00000, 0x00000000fa200000, 0x0000000100000000)
  eden space 138240K, 0% used [0x00000000eab00000,0x00000000eab00000,0x00000000f3200000)
  from space 14336K, 55% used [0x00000000f3f80000,0x00000000f4736890,0x00000000f4d80000)
  to   space 13824K, 0% used [0x00000000f3200000,0x00000000f3200000,0x00000000f3f80000)
 ParOldGen       total 110592K, used 11390K [0x00000000c0000000, 0x00000000c6c00000, 0x00000000eab00000)
  object space 110592K, 10% used [0x00000000c0000000,0x00000000c0b1f928,0x00000000c6c00000)
 Metaspace       used 34720K, capacity 35314K, committed 35496K, reserved 1079296K
  class space    used 4872K, capacity 5072K, committed 5168K, reserved 1048576K
}
Event: 3.618 GC heap before
{Heap before GC invocations=8 (full 2):
 PSYoungGen      total 152576K, used 7898K [0x00000000eab00000, 0x00000000fa200000, 0x0000000100000000)
  eden space 138240K, 0% used [0x00000000eab00000,0x00000000eab00000,0x00000000f3200000)
  from space 14336K, 55% used [0x00000000f3f80000,0x00000000f4736890,0x00000000f4d80000)
  to   space 13824K, 0% used [0x00000000f3200000,0x00000000f3200000,0x00000000f3f80000)
 ParOldGen       total 110592K, used 11390K [0x00000000c0000000, 0x00000000c6c00000, 0x00000000eab00000)
  object space 110592K, 10% used [0x00000000c0000000,0x00000000c0b1f928,0x00000000c6c00000)
 Metaspace       used 34720K, capacity 35314K, committed 35496K, reserved 1079296K
  class space    used 4872K, capacity 5072K, committed 5168K, reserved 1048576K
Event: 3.658 GC heap after
Heap after GC invocations=8 (full 2):
 PSYoungGen      total 152576K, used 0K [0x00000000eab00000, 0x00000000fa200000, 0x0000000100000000)
  eden space 138240K, 0% used [0x00000000eab00000,0x00000000eab00000,0x00000000f3200000)
  from space 14336K, 0% used [0x00000000f3f80000,0x00000000f3f80000,0x00000000f4d80000)
  to   space 13824K, 0% used [0x00000000f3200000,0x00000000f3200000,0x00000000f3f80000)
 ParOldGen       total 146432K, used 14945K [0x00000000c0000000, 0x00000000c8f00000, 0x00000000eab00000)
  object space 146432K, 10% used [0x00000000c0000000,0x00000000c0e98650,0x00000000c8f00000)
 Metaspace       used 34720K, capacity 35314K, committed 35496K, reserved 1079296K
  class space    used 4872K, capacity 5072K, committed 5168K, reserved 1048576K
}
Event: 4.796 GC heap before
{Heap before GC invocations=9 (full 2):
 PSYoungGen      total 152576K, used 138240K [0x00000000eab00000, 0x00000000fa200000, 0x0000000100000000)
  eden space 138240K, 100% used [0x00000000eab00000,0x00000000f3200000,0x00000000f3200000)
  from space 14336K, 0% used [0x00000000f3f80000,0x00000000f3f80000,0x00000000f4d80000)
  to   space 13824K, 0% used [0x00000000f3200000,0x00000000f3200000,0x00000000f3f80000)
 ParOldGen       total 146432K, used 14945K [0x00000000c0000000, 0x00000000c8f00000, 0x00000000eab00000)
  object space 146432K, 10% used [0x00000000c0000000,0x00000000c0e98650,0x00000000c8f00000)
 Metaspace       used 42690K, capacity 43710K, committed 44080K, reserved 1087488K
  class space    used 6029K, capacity 6348K, committed 6448K, reserved 1048576K
Event: 4.810 GC heap after
Heap after GC invocations=9 (full 2):
 PSYoungGen      total 152064K, used 13807K [0x00000000eab00000, 0x00000000fad80000, 0x0000000100000000)
  eden space 138240K, 0% used [0x00000000eab00000,0x00000000eab00000,0x00000000f3200000)
  from space 13824K, 99% used [0x00000000f3200000,0x00000000f3f7bca8,0x00000000f3f80000)
  to   space 15872K, 0% used [0x00000000f9e00000,0x00000000f9e00000,0x00000000fad80000)
 ParOldGen       total 146432K, used 15916K [0x00000000c0000000, 0x00000000c8f00000, 0x00000000eab00000)
  object space 146432K, 10% used [0x00000000c0000000,0x00000000c0f8b240,0x00000000c8f00000)
 Metaspace       used 42690K, capacity 43710K, committed 44080K, reserved 1087488K
  class space    used 6029K, capacity 6348K, committed 6448K, reserved 1048576K
}
Event: 6.337 GC heap before
{Heap before GC invocations=10 (full 2):
 PSYoungGen      total 152064K, used 152047K [0x00000000eab00000, 0x00000000fad80000, 0x0000000100000000)
  eden space 138240K, 100% used [0x00000000eab00000,0x00000000f3200000,0x00000000f3200000)
  from space 13824K, 99% used [0x00000000f3200000,0x00000000f3f7bca8,0x00000000f3f80000)
  to   space 15872K, 0% used [0x00000000f9e00000,0x00000000f9e00000,0x00000000fad80000)
 ParOldGen       total 146432K, used 15916K [0x00000000c0000000, 0x00000000c8f00000, 0x00000000eab00000)
  object space 146432K, 10% used [0x00000000c0000000,0x00000000c0f8b240,0x00000000c8f00000)
 Metaspace       used 52377K, capacity 54392K, committed 54576K, reserved 1095680K
  class space    used 7362K, capacity 7883K, committed 7984K, reserved 1048576K
Event: 6.355 GC heap after
Heap after GC invocations=10 (full 2):
 PSYoungGen      total 242688K, used 15862K [0x00000000eab00000, 0x00000000fb280000, 0x0000000100000000)
  eden space 226816K, 0% used [0x00000000eab00000,0x00000000eab00000,0x00000000f8880000)
  from space 15872K, 99% used [0x00000000f9e00000,0x00000000fad7d9f0,0x00000000fad80000)
  to   space 21504K, 0% used [0x00000000f8880000,0x00000000f8880000,0x00000000f9d80000)
 ParOldGen       total 146432K, used 24729K [0x00000000c0000000, 0x00000000c8f00000, 0x00000000eab00000)
  object space 146432K, 16% used [0x00000000c0000000,0x00000000c18266f0,0x00000000c8f00000)
 Metaspace       used 52377K, capacity 54392K, committed 54576K, reserved 1095680K
  class space    used 7362K, capacity 7883K, committed 7984K, reserved 1048576K
}

