# JRE version: Java(TM) SE Runtime Environment (8.0_171-b11) (build 1.8.0_171-b11)
# Java VM: Java HotSpot(TM) 64-Bit Server VM (25.171-b11 mixed mode windows-amd64 compressed oops)
Heap:
 PSYoungGen      total 247808K, used 58426K [0x00000000eab00000, 0x00000000fe180000, 0x0000000100000000)
  eden space 246272K, 23% used [0x00000000eab00000,0x00000000ee306818,0x00000000f9b80000)
  from space 1536K, 68% used [0x00000000fa300000,0x00000000fa408010,0x00000000fa480000)
  to   space 35840K, 0% used [0x00000000fbe80000,0x00000000fbe80000,0x00000000fe180000)
 ParOldGen       total 206848K, used 64892K [0x00000000c0000000, 0x00000000cca00000, 0x00000000eab00000)
  object space 206848K, 31% used [0x00000000c0000000,0x00000000c3f5f2d8,0x00000000cca00000)
 Metaspace       used 68136K, capacity 72082K, committed 72344K, reserved 1112064K
  class space    used 9166K, capacity 10075K, committed 10160K, reserved 1048576K
GC Heap History (10 events):
Event: 18.725 GC heap before
{Heap before GC invocations=10 (full 2):
 PSYoungGen      total 193536K, used 66778K [0x00000000eab00000, 0x00000000fe380000, 0x0000000100000000)
  eden space 177664K, 28% used [0x00000000eab00000,0x00000000edcba198,0x00000000f5880000)
  from space 15872K, 99% used [0x00000000f5880000,0x00000000f67fc760,0x00000000f6800000)
  to   space 24576K, 0% used [0x00000000fcb80000,0x00000000fcb80000,0x00000000fe380000)
 ParOldGen       total 146432K, used 33147K [0x00000000c0000000, 0x00000000c8f00000, 0x00000000eab00000)
  object space 146432K, 22% used [0x00000000c0000000,0x00000000c205ee78,0x00000000c8f00000)
 Metaspace       used 57283K, capacity 59048K, committed 59160K, reserved 1099776K
  class space    used 7998K, capacity 8461K, committed 8496K, reserved 1048576K
Event: 18.738 GC heap after
Heap after GC invocations=10 (full 2):
 PSYoungGen      total 294400K, used 19506K [0x00000000eab00000, 0x00000000ff200000, 0x0000000100000000)
  eden space 269824K, 0% used [0x00000000eab00000,0x00000000eab00000,0x00000000fb280000)
  from space 24576K, 79% used [0x00000000fcb80000,0x00000000fde8c970,0x00000000fe380000)
  to   space 25600K, 0% used [0x00000000fb280000,0x00000000fb280000,0x00000000fcb80000)
 ParOldGen       total 146432K, used 33155K [0x00000000c0000000, 0x00000000c8f00000, 0x00000000eab00000)
  object space 146432K, 22% used [0x00000000c0000000,0x00000000c2060e78,0x00000000c8f00000)
 Metaspace       used 57283K, capacity 59048K, committed 59160K, reserved 1099776K
  class space    used 7998K, capacity 8461K, committed 8496K, reserved 1048576K
}
Event: 18.738 GC heap before
{Heap before GC invocations=11 (full 3):
 PSYoungGen      total 294400K, used 19506K [0x00000000eab00000, 0x00000000ff200000, 0x0000000100000000)
  eden space 269824K, 0% used [0x00000000eab00000,0x00000000eab00000,0x00000000fb280000)
  from space 24576K, 79% used [0x00000000fcb80000,0x00000000fde8c970,0x00000000fe380000)
  to   space 25600K, 0% used [0x00000000fb280000,0x00000000fb280000,0x00000000fcb80000)
 ParOldGen       total 146432K, used 33155K [0x00000000c0000000, 0x00000000c8f00000, 0x00000000eab00000)
  object space 146432K, 22% used [0x00000000c0000000,0x00000000c2060e78,0x00000000c8f00000)
 Metaspace       used 57283K, capacity 59048K, committed 59160K, reserved 1099776K
  class space    used 7998K, capacity 8461K, committed 8496K, reserved 1048576K
Event: 18.880 GC heap after
Heap after GC invocations=11 (full 3):
 PSYoungGen      total 294400K, used 0K [0x00000000eab00000, 0x00000000ff200000, 0x0000000100000000)
  eden space 269824K, 0% used [0x00000000eab00000,0x00000000eab00000,0x00000000fb280000)
  from space 24576K, 0% used [0x00000000fcb80000,0x00000000fcb80000,0x00000000fe380000)
  to   space 25600K, 0% used [0x00000000fb280000,0x00000000fb280000,0x00000000fcb80000)
 ParOldGen       total 206848K, used 37558K [0x00000000c0000000, 0x00000000cca00000, 0x00000000eab00000)
  object space 206848K, 18% used [0x00000000c0000000,0x00000000c24adb50,0x00000000cca00000)
 Metaspace       used 57283K, capacity 59048K, committed 59160K, reserved 1099776K
  class space    used 7998K, capacity 8461K, committed 8496K, reserved 1048576K
}
Event: 652.862 GC heap before
{Heap before GC invocations=12 (full 3):
 PSYoungGen      total 294400K, used 269824K [0x00000000eab00000, 0x00000000ff200000, 0x0000000100000000)
  eden space 269824K, 100% used [0x00000000eab00000,0x00000000fb280000,0x00000000fb280000)
  from space 24576K, 0% used [0x00000000fcb80000,0x00000000fcb80000,0x00000000fe380000)
  to   space 25600K, 0% used [0x00000000fb280000,0x00000000fb280000,0x00000000fcb80000)
 ParOldGen       total 206848K, used 37558K [0x00000000c0000000, 0x00000000cca00000, 0x00000000eab00000)
  object space 206848K, 18% used [0x00000000c0000000,0x00000000c24adb50,0x00000000cca00000)
 Metaspace       used 64205K, capacity 67032K, committed 67096K, reserved 1107968K
  class space    used 8704K, capacity 9458K, committed 9520K, reserved 1048576K
Event: 652.879 GC heap after
Heap after GC invocations=12 (full 3):
 PSYoungGen      total 287232K, used 25587K [0x00000000eab00000, 0x00000000fe480000, 0x0000000100000000)
  eden space 261632K, 0% used [0x00000000eab00000,0x00000000eab00000,0x00000000faa80000)
  from space 25600K, 99% used [0x00000000fb280000,0x00000000fcb7cc50,0x00000000fcb80000)
  to   space 25600K, 0% used [0x00000000fcb80000,0x00000000fcb80000,0x00000000fe480000)
 ParOldGen       total 206848K, used 39065K [0x00000000c0000000, 0x00000000cca00000, 0x00000000eab00000)
  object space 206848K, 18% used [0x00000000c0000000,0x00000000c2626538,0x00000000cca00000)
 Metaspace       used 64205K, capacity 67032K, committed 67096K, reserved 1107968K
  class space    used 8704K, capacity 9458K, committed 9520K, reserved 1048576K
}
Event: 654.449 GC heap before
{Heap before GC invocations=13 (full 3):
 PSYoungGen      total 287232K, used 286247K [0x00000000eab00000, 0x00000000fe480000, 0x0000000100000000)
  eden space 261632K, 99% used [0x00000000eab00000,0x00000000fa98cfd8,0x00000000faa80000)
  from space 25600K, 99% used [0x00000000fb280000,0x00000000fcb7cc50,0x00000000fcb80000)
  to   space 25600K, 0% used [0x00000000fcb80000,0x00000000fcb80000,0x00000000fe480000)
 ParOldGen       total 206848K, used 39065K [0x00000000c0000000, 0x00000000cca00000, 0x00000000eab00000)
  object space 206848K, 18% used [0x00000000c0000000,0x00000000c2626538,0x00000000cca00000)
 Metaspace       used 66371K, capacity 69462K, committed 69784K, reserved 1110016K
  class space    used 8999K, capacity 9823K, committed 9904K, reserved 1048576K
Event: 654.466 GC heap after
Heap after GC invocations=13 (full 3):
 PSYoungGen      total 279552K, used 25592K [0x00000000eab00000, 0x00000000fe700000, 0x0000000100000000)
  eden space 253952K, 0% used [0x00000000eab00000,0x00000000eab00000,0x00000000fa300000)
  from space 25600K, 99% used [0x00000000fcb80000,0x00000000fe47e2e8,0x00000000fe480000)
  to   space 34816K, 0% used [0x00000000fa300000,0x00000000fa300000,0x00000000fc500000)
 ParOldGen       total 206848K, used 45589K [0x00000000c0000000, 0x00000000cca00000, 0x00000000eab00000)
  object space 206848K, 22% used [0x00000000c0000000,0x00000000c2c857b8,0x00000000cca00000)
 Metaspace       used 66371K, capacity 69462K, committed 69784K, reserved 1110016K
  class space    used 8999K, capacity 9823K, committed 9904K, reserved 1048576K
}
Event: 1025.015 GC heap before
{Heap before GC invocations=14 (full 3):
 PSYoungGen      total 279552K, used 279544K [0x00000000eab00000, 0x00000000fe700000, 0x0000000100000000)
  eden space 253952K, 100% used [0x00000000eab00000,0x00000000fa300000,0x00000000fa300000)
  from space 25600K, 99% used [0x00000000fcb80000,0x00000000fe47e2e8,0x00000000fe480000)
  to   space 34816K, 0% used [0x00000000fa300000,0x00000000fa300000,0x00000000fc500000)
 ParOldGen       total 206848K, used 45589K [0x00000000c0000000, 0x00000000cca00000, 0x00000000eab00000)
  object space 206848K, 22% used [0x00000000c0000000,0x00000000c2c857b8,0x00000000cca00000)
 Metaspace       used 67999K, capacity 71918K, committed 72088K, reserved 1112064K
  class space    used 9161K, capacity 10069K, committed 10160K, reserved 1048576K
Event: 1025.032 GC heap after
Heap after GC invocations=14 (full 3):
 PSYoungGen      total 247808K, used 1056K [0x00000000eab00000, 0x00000000fe180000, 0x0000000100000000)
  eden space 246272K, 0% used [0x00000000eab00000,0x00000000eab00000,0x00000000f9b80000)
  from space 1536K, 68% used [0x00000000fa300000,0x00000000fa408010,0x00000000fa480000)
  to   space 35840K, 0% used [0x00000000fbe80000,0x00000000fbe80000,0x00000000fe180000)
 ParOldGen       total 206848K, used 64892K [0x00000000c0000000, 0x00000000cca00000, 0x00000000eab00000)
  object space 206848K, 31% used [0x00000000c0000000,0x00000000c3f5f2d8,0x00000000cca00000)
 Metaspace       used 67999K, capacity 71918K, committed 72088K, reserved 1112064K
  class space    used 9161K, capacity 10069K, committed 10160K, reserved 1048576K
}

