# JRE version: Java(TM) SE Runtime Environment (8.0_171-b11) (build 1.8.0_171-b11)
# Java VM: Java HotSpot(TM) 64-Bit Server VM (25.171-b11 mixed mode windows-amd64 compressed oops)
Heap:
 PSYoungGen      total 220160K, used 115579K [0x00000000eab00000, 0x00000000f9b00000, 0x0000000100000000)
  eden space 204800K, 48% used [0x00000000eab00000,0x00000000f0ce13a0,0x00000000f7300000)
  from space 15360K, 99% used [0x00000000f8780000,0x00000000f967d9d0,0x00000000f9680000)
  to   space 20480K, 0% used [0x00000000f7300000,0x00000000f7300000,0x00000000f8700000)
 ParOldGen       total 158720K, used 24636K [0x00000000c0000000, 0x00000000c9b00000, 0x00000000eab00000)
  object space 158720K, 15% used [0x00000000c0000000,0x00000000c180f1f0,0x00000000c9b00000)
 Metaspace       used 55040K, capacity 57344K, committed 57520K, reserved 1097728K
  class space    used 7710K, capacity 8327K, committed 8368K, reserved 1048576K
GC Heap History (10 events):
Event: 3.586 GC heap before
{Heap before GC invocations=6 (full 1):
 PSYoungGen      total 101888K, used 101625K [0x00000000eab00000, 0x00000000f3d00000, 0x0000000100000000)
  eden space 94208K, 100% used [0x00000000eab00000,0x00000000f0700000,0x00000000f0700000)
  from space 7680K, 96% used [0x00000000f3580000,0x00000000f3cbe558,0x00000000f3d00000)
  to   space 10752K, 0% used [0x00000000f2800000,0x00000000f2800000,0x00000000f3280000)
 ParOldGen       total 110592K, used 8773K [0x00000000c0000000, 0x00000000c6c00000, 0x00000000eab00000)
  object space 110592K, 7% used [0x00000000c0000000,0x00000000c08915b0,0x00000000c6c00000)
 Metaspace       used 33700K, capacity 34330K, committed 34480K, reserved 1079296K
  class space    used 4784K, capacity 4998K, committed 5040K, reserved 1048576K
Event: 3.596 GC heap after
Heap after GC invocations=6 (full 1):
 PSYoungGen      total 138752K, used 10749K [0x00000000eab00000, 0x00000000f4900000, 0x0000000100000000)
  eden space 128000K, 0% used [0x00000000eab00000,0x00000000eab00000,0x00000000f2800000)
  from space 10752K, 99% used [0x00000000f2800000,0x00000000f327f468,0x00000000f3280000)
  to   space 13824K, 0% used [0x00000000f3b80000,0x00000000f3b80000,0x00000000f4900000)
 ParOldGen       total 110592K, used 10965K [0x00000000c0000000, 0x00000000c6c00000, 0x00000000eab00000)
  object space 110592K, 9% used [0x00000000c0000000,0x00000000c0ab5560,0x00000000c6c00000)
 Metaspace       used 33700K, capacity 34330K, committed 34480K, reserved 1079296K
  class space    used 4784K, capacity 4998K, committed 5040K, reserved 1048576K
}
Event: 3.642 GC heap before
{Heap before GC invocations=7 (full 1):
 PSYoungGen      total 138752K, used 17186K [0x00000000eab00000, 0x00000000f4900000, 0x0000000100000000)
  eden space 128000K, 5% used [0x00000000eab00000,0x00000000eb149688,0x00000000f2800000)
  from space 10752K, 99% used [0x00000000f2800000,0x00000000f327f468,0x00000000f3280000)
  to   space 13824K, 0% used [0x00000000f3b80000,0x00000000f3b80000,0x00000000f4900000)
 ParOldGen       total 110592K, used 10965K [0x00000000c0000000, 0x00000000c6c00000, 0x00000000eab00000)
  object space 110592K, 9% used [0x00000000c0000000,0x00000000c0ab5560,0x00000000c6c00000)
 Metaspace       used 34733K, capacity 35346K, committed 35496K, reserved 1079296K
  class space    used 4874K, capacity 5104K, committed 5168K, reserved 1048576K
Event: 3.647 GC heap after
Heap after GC invocations=7 (full 1):
 PSYoungGen      total 148480K, used 8346K [0x00000000eab00000, 0x00000000f9200000, 0x0000000100000000)
  eden space 134656K, 0% used [0x00000000eab00000,0x00000000eab00000,0x00000000f2e80000)
  from space 13824K, 60% used [0x00000000f3b80000,0x00000000f43a6b50,0x00000000f4900000)
  to   space 13312K, 0% used [0x00000000f2e80000,0x00000000f2e80000,0x00000000f3b80000)
 ParOldGen       total 110592K, used 10973K [0x00000000c0000000, 0x00000000c6c00000, 0x00000000eab00000)
  object space 110592K, 9% used [0x00000000c0000000,0x00000000c0ab7560,0x00000000c6c00000)
 Metaspace       used 34733K, capacity 35346K, committed 35496K, reserved 1079296K
  class space    used 4874K, capacity 5104K, committed 5168K, reserved 1048576K
}
Event: 3.647 GC heap before
{Heap before GC invocations=8 (full 2):
 PSYoungGen      total 148480K, used 8346K [0x00000000eab00000, 0x00000000f9200000, 0x0000000100000000)
  eden space 134656K, 0% used [0x00000000eab00000,0x00000000eab00000,0x00000000f2e80000)
  from space 13824K, 60% used [0x00000000f3b80000,0x00000000f43a6b50,0x00000000f4900000)
  to   space 13312K, 0% used [0x00000000f2e80000,0x00000000f2e80000,0x00000000f3b80000)
 ParOldGen       total 110592K, used 10973K [0x00000000c0000000, 0x00000000c6c00000, 0x00000000eab00000)
  object space 110592K, 9% used [0x00000000c0000000,0x00000000c0ab7560,0x00000000c6c00000)
 Metaspace       used 34733K, capacity 35346K, committed 35496K, reserved 1079296K
  class space    used 4874K, capacity 5104K, committed 5168K, reserved 1048576K
Event: 3.689 GC heap after
Heap after GC invocations=8 (full 2):
 PSYoungGen      total 148480K, used 0K [0x00000000eab00000, 0x00000000f9200000, 0x0000000100000000)
  eden space 134656K, 0% used [0x00000000eab00000,0x00000000eab00000,0x00000000f2e80000)
  from space 13824K, 0% used [0x00000000f3b80000,0x00000000f3b80000,0x00000000f4900000)
  to   space 13312K, 0% used [0x00000000f2e80000,0x00000000f2e80000,0x00000000f3b80000)
 ParOldGen       total 158720K, used 15337K [0x00000000c0000000, 0x00000000c9b00000, 0x00000000eab00000)
  object space 158720K, 9% used [0x00000000c0000000,0x00000000c0efa488,0x00000000c9b00000)
 Metaspace       used 34733K, capacity 35346K, committed 35496K, reserved 1079296K
  class space    used 4874K, capacity 5104K, committed 5168K, reserved 1048576K
}
Event: 4.726 GC heap before
{Heap before GC invocations=9 (full 2):
 PSYoungGen      total 148480K, used 134656K [0x00000000eab00000, 0x00000000f9200000, 0x0000000100000000)
  eden space 134656K, 100% used [0x00000000eab00000,0x00000000f2e80000,0x00000000f2e80000)
  from space 13824K, 0% used [0x00000000f3b80000,0x00000000f3b80000,0x00000000f4900000)
  to   space 13312K, 0% used [0x00000000f2e80000,0x00000000f2e80000,0x00000000f3b80000)
 ParOldGen       total 158720K, used 15337K [0x00000000c0000000, 0x00000000c9b00000, 0x00000000eab00000)
  object space 158720K, 9% used [0x00000000c0000000,0x00000000c0efa488,0x00000000c9b00000)
 Metaspace       used 42417K, capacity 43408K, committed 43696K, reserved 1087488K
  class space    used 5987K, capacity 6303K, committed 6320K, reserved 1048576K
Event: 4.737 GC heap after
Heap after GC invocations=9 (full 2):
 PSYoungGen      total 147968K, used 13296K [0x00000000eab00000, 0x00000000f9680000, 0x0000000100000000)
  eden space 134656K, 0% used [0x00000000eab00000,0x00000000eab00000,0x00000000f2e80000)
  from space 13312K, 99% used [0x00000000f2e80000,0x00000000f3b7c2d0,0x00000000f3b80000)
  to   space 15360K, 0% used [0x00000000f8780000,0x00000000f8780000,0x00000000f9680000)
 ParOldGen       total 158720K, used 16486K [0x00000000c0000000, 0x00000000c9b00000, 0x00000000eab00000)
  object space 158720K, 10% used [0x00000000c0000000,0x00000000c1019a48,0x00000000c9b00000)
 Metaspace       used 42417K, capacity 43408K, committed 43696K, reserved 1087488K
  class space    used 5987K, capacity 6303K, committed 6320K, reserved 1048576K
}
Event: 6.237 GC heap before
{Heap before GC invocations=10 (full 2):
 PSYoungGen      total 147968K, used 147952K [0x00000000eab00000, 0x00000000f9680000, 0x0000000100000000)
  eden space 134656K, 100% used [0x00000000eab00000,0x00000000f2e80000,0x00000000f2e80000)
  from space 13312K, 99% used [0x00000000f2e80000,0x00000000f3b7c2d0,0x00000000f3b80000)
  to   space 15360K, 0% used [0x00000000f8780000,0x00000000f8780000,0x00000000f9680000)
 ParOldGen       total 158720K, used 16486K [0x00000000c0000000, 0x00000000c9b00000, 0x00000000eab00000)
  object space 158720K, 10% used [0x00000000c0000000,0x00000000c1019a48,0x00000000c9b00000)
 Metaspace       used 52173K, capacity 54182K, committed 54448K, reserved 1095680K
  class space    used 7334K, capacity 7842K, committed 7856K, reserved 1048576K
Event: 6.252 GC heap after
Heap after GC invocations=10 (full 2):
 PSYoungGen      total 220160K, used 15350K [0x00000000eab00000, 0x00000000f9b00000, 0x0000000100000000)
  eden space 204800K, 0% used [0x00000000eab00000,0x00000000eab00000,0x00000000f7300000)
  from space 15360K, 99% used [0x00000000f8780000,0x00000000f967d9d0,0x00000000f9680000)
  to   space 20480K, 0% used [0x00000000f7300000,0x00000000f7300000,0x00000000f8700000)
 ParOldGen       total 158720K, used 24636K [0x00000000c0000000, 0x00000000c9b00000, 0x00000000eab00000)
  object space 158720K, 15% used [0x00000000c0000000,0x00000000c180f1f0,0x00000000c9b00000)
 Metaspace       used 52173K, capacity 54182K, committed 54448K, reserved 1095680K
  class space    used 7334K, capacity 7842K, committed 7856K, reserved 1048576K
}

