# JRE version: Java(TM) SE Runtime Environment (8.0_171-b11) (build 1.8.0_171-b11)
# Java VM: Java HotSpot(TM) 64-Bit Server VM (25.171-b11 mixed mode windows-amd64 compressed oops)
Heap:
 PSYoungGen      total 162816K, used 55920K [0x00000000eab00000, 0x00000000f7c80000, 0x0000000100000000)
  eden space 146944K, 27% used [0x00000000eab00000,0x00000000ed220908,0x00000000f3a80000)
  from space 15872K, 99% used [0x00000000f3a80000,0x00000000f49fb9e0,0x00000000f4a00000)
  to   space 14336K, 0% used [0x00000000f4a00000,0x00000000f4a00000,0x00000000f5800000)
 ParOldGen       total 176640K, used 29197K [0x00000000c0000000, 0x00000000cac80000, 0x00000000eab00000)
  object space 176640K, 16% used [0x00000000c0000000,0x00000000c1c837e8,0x00000000cac80000)
 Metaspace       used 53506K, capacity 55710K, committed 55728K, reserved 1097728K
  class space    used 7514K, capacity 8100K, committed 8112K, reserved 1048576K
GC Heap History (10 events):
Event: 2.696 GC heap before
{Heap before GC invocations=5 (full 1):
 PSYoungGen      total 76288K, used 65536K [0x00000000eab00000, 0x00000000f4000000, 0x0000000100000000)
  eden space 65536K, 100% used [0x00000000eab00000,0x00000000eeb00000,0x00000000eeb00000)
  from space 10752K, 0% used [0x00000000eeb00000,0x00000000eeb00000,0x00000000ef580000)
  to   space 10752K, 0% used [0x00000000f3580000,0x00000000f3580000,0x00000000f4000000)
 ParOldGen       total 108544K, used 8773K [0x00000000c0000000, 0x00000000c6a00000, 0x00000000eab00000)
  object space 108544K, 8% used [0x00000000c0000000,0x00000000c0891568,0x00000000c6a00000)
 Metaspace       used 26268K, capacity 26690K, committed 26928K, reserved 1073152K
  class space    used 3682K, capacity 3836K, committed 3888K, reserved 1048576K
Event: 2.714 GC heap after
Heap after GC invocations=5 (full 1):
 PSYoungGen      total 107520K, used 7425K [0x00000000eab00000, 0x00000000f3d00000, 0x0000000100000000)
  eden space 99840K, 0% used [0x00000000eab00000,0x00000000eab00000,0x00000000f0c80000)
  from space 7680K, 96% used [0x00000000f3580000,0x00000000f3cc07e8,0x00000000f3d00000)
  to   space 10752K, 0% used [0x00000000f2800000,0x00000000f2800000,0x00000000f3280000)
 ParOldGen       total 108544K, used 8781K [0x00000000c0000000, 0x00000000c6a00000, 0x00000000eab00000)
  object space 108544K, 8% used [0x00000000c0000000,0x00000000c0893568,0x00000000c6a00000)
 Metaspace       used 26268K, capacity 26690K, committed 26928K, reserved 1073152K
  class space    used 3682K, capacity 3836K, committed 3888K, reserved 1048576K
}
Event: 3.756 GC heap before
{Heap before GC invocations=6 (full 1):
 PSYoungGen      total 107520K, used 106349K [0x00000000eab00000, 0x00000000f3d00000, 0x0000000100000000)
  eden space 99840K, 99% used [0x00000000eab00000,0x00000000f0b9acc8,0x00000000f0c80000)
  from space 7680K, 96% used [0x00000000f3580000,0x00000000f3cc07e8,0x00000000f3d00000)
  to   space 10752K, 0% used [0x00000000f2800000,0x00000000f2800000,0x00000000f3280000)
 ParOldGen       total 108544K, used 8781K [0x00000000c0000000, 0x00000000c6a00000, 0x00000000eab00000)
  object space 108544K, 8% used [0x00000000c0000000,0x00000000c0893568,0x00000000c6a00000)
 Metaspace       used 34719K, capacity 35314K, committed 35496K, reserved 1079296K
  class space    used 4881K, capacity 5072K, committed 5168K, reserved 1048576K
Event: 3.766 GC heap after
Heap after GC invocations=6 (full 1):
 PSYoungGen      total 138752K, used 10742K [0x00000000eab00000, 0x00000000f5800000, 0x0000000100000000)
  eden space 128000K, 0% used [0x00000000eab00000,0x00000000eab00000,0x00000000f2800000)
  from space 10752K, 99% used [0x00000000f2800000,0x00000000f327dbd0,0x00000000f3280000)
  to   space 14336K, 0% used [0x00000000f4a00000,0x00000000f4a00000,0x00000000f5800000)
 ParOldGen       total 108544K, used 11855K [0x00000000c0000000, 0x00000000c6a00000, 0x00000000eab00000)
  object space 108544K, 10% used [0x00000000c0000000,0x00000000c0b93f00,0x00000000c6a00000)
 Metaspace       used 34719K, capacity 35314K, committed 35496K, reserved 1079296K
  class space    used 4881K, capacity 5072K, committed 5168K, reserved 1048576K
}
Event: 3.766 GC heap before
{Heap before GC invocations=7 (full 2):
 PSYoungGen      total 138752K, used 10742K [0x00000000eab00000, 0x00000000f5800000, 0x0000000100000000)
  eden space 128000K, 0% used [0x00000000eab00000,0x00000000eab00000,0x00000000f2800000)
  from space 10752K, 99% used [0x00000000f2800000,0x00000000f327dbd0,0x00000000f3280000)
  to   space 14336K, 0% used [0x00000000f4a00000,0x00000000f4a00000,0x00000000f5800000)
 ParOldGen       total 108544K, used 11855K [0x00000000c0000000, 0x00000000c6a00000, 0x00000000eab00000)
  object space 108544K, 10% used [0x00000000c0000000,0x00000000c0b93f00,0x00000000c6a00000)
 Metaspace       used 34719K, capacity 35314K, committed 35496K, reserved 1079296K
  class space    used 4881K, capacity 5072K, committed 5168K, reserved 1048576K
Event: 3.806 GC heap after
Heap after GC invocations=7 (full 2):
 PSYoungGen      total 138752K, used 0K [0x00000000eab00000, 0x00000000f5800000, 0x0000000100000000)
  eden space 128000K, 0% used [0x00000000eab00000,0x00000000eab00000,0x00000000f2800000)
  from space 10752K, 0% used [0x00000000f2800000,0x00000000f2800000,0x00000000f3280000)
  to   space 14336K, 0% used [0x00000000f4a00000,0x00000000f4a00000,0x00000000f5800000)
 ParOldGen       total 176640K, used 20520K [0x00000000c0000000, 0x00000000cac80000, 0x00000000eab00000)
  object space 176640K, 11% used [0x00000000c0000000,0x00000000c140a0a0,0x00000000cac80000)
 Metaspace       used 34719K, capacity 35314K, committed 35496K, reserved 1079296K
  class space    used 4881K, capacity 5072K, committed 5168K, reserved 1048576K
}
Event: 4.891 GC heap before
{Heap before GC invocations=8 (full 2):
 PSYoungGen      total 138752K, used 128000K [0x00000000eab00000, 0x00000000f5800000, 0x0000000100000000)
  eden space 128000K, 100% used [0x00000000eab00000,0x00000000f2800000,0x00000000f2800000)
  from space 10752K, 0% used [0x00000000f2800000,0x00000000f2800000,0x00000000f3280000)
  to   space 14336K, 0% used [0x00000000f4a00000,0x00000000f4a00000,0x00000000f5800000)
 ParOldGen       total 176640K, used 20520K [0x00000000c0000000, 0x00000000cac80000, 0x00000000eab00000)
  object space 176640K, 11% used [0x00000000c0000000,0x00000000c140a0a0,0x00000000cac80000)
 Metaspace       used 41863K, capacity 42832K, committed 43056K, reserved 1085440K
  class space    used 5872K, capacity 6175K, committed 6192K, reserved 1048576K
Event: 4.902 GC heap after
Heap after GC invocations=8 (full 2):
 PSYoungGen      total 161280K, used 13933K [0x00000000eab00000, 0x00000000f7c80000, 0x0000000100000000)
  eden space 146944K, 0% used [0x00000000eab00000,0x00000000eab00000,0x00000000f3a80000)
  from space 14336K, 97% used [0x00000000f4a00000,0x00000000f579b6c8,0x00000000f5800000)
  to   space 15872K, 0% used [0x00000000f3a80000,0x00000000f3a80000,0x00000000f4a00000)
 ParOldGen       total 176640K, used 20528K [0x00000000c0000000, 0x00000000cac80000, 0x00000000eab00000)
  object space 176640K, 11% used [0x00000000c0000000,0x00000000c140c0a0,0x00000000cac80000)
 Metaspace       used 41863K, capacity 42832K, committed 43056K, reserved 1085440K
  class space    used 5872K, capacity 6175K, committed 6192K, reserved 1048576K
}
Event: 6.579 GC heap before
{Heap before GC invocations=9 (full 2):
 PSYoungGen      total 161280K, used 160877K [0x00000000eab00000, 0x00000000f7c80000, 0x0000000100000000)
  eden space 146944K, 100% used [0x00000000eab00000,0x00000000f3a80000,0x00000000f3a80000)
  from space 14336K, 97% used [0x00000000f4a00000,0x00000000f579b6c8,0x00000000f5800000)
  to   space 15872K, 0% used [0x00000000f3a80000,0x00000000f3a80000,0x00000000f4a00000)
 ParOldGen       total 176640K, used 20528K [0x00000000c0000000, 0x00000000cac80000, 0x00000000eab00000)
  object space 176640K, 11% used [0x00000000c0000000,0x00000000c140c0a0,0x00000000cac80000)
 Metaspace       used 52290K, capacity 54298K, committed 54576K, reserved 1095680K
  class space    used 7355K, capacity 7878K, committed 7984K, reserved 1048576K
Event: 6.595 GC heap after
Heap after GC invocations=9 (full 2):
 PSYoungGen      total 162816K, used 15854K [0x00000000eab00000, 0x00000000f7c80000, 0x0000000100000000)
  eden space 146944K, 0% used [0x00000000eab00000,0x00000000eab00000,0x00000000f3a80000)
  from space 15872K, 99% used [0x00000000f3a80000,0x00000000f49fb9e0,0x00000000f4a00000)
  to   space 14336K, 0% used [0x00000000f4a00000,0x00000000f4a00000,0x00000000f5800000)
 ParOldGen       total 176640K, used 29197K [0x00000000c0000000, 0x00000000cac80000, 0x00000000eab00000)
  object space 176640K, 16% used [0x00000000c0000000,0x00000000c1c837e8,0x00000000cac80000)
 Metaspace       used 52290K, capacity 54298K, committed 54576K, reserved 1095680K
  class space    used 7355K, capacity 7878K, committed 7984K, reserved 1048576K
}

